Mon Jan 30 19:15:15 2023
Windows-10-10.0.22000
Ren'Py 8.0.3.22090809
 

Bootstrap to the start of init.init took 0.03s
Early init took 0.00s
Loader init took 0.03s
Loading error handling took 0.02s
Loading script took 0.19s
Loading save slot metadata. took 0.04s
Loading persistent took 0.00s
Faled to initialize steam: FileNotFoundError("Could not find module 'C:\\Users\\Kim\\Desktop\\renpy-8.0.3-sdk\\lib\\py3-windows-x86_64\\steam_api64.dll' (or one of its dependencies). Try using the full path with constructor syntax.")
Running init code took 0.03s
Loading analysis data took 0.01s
Analyze and compile ATL took 0.00s
Index archives took 0.00s
Backing up script files to 'C:\\Users\\Kim\\AppData\\Roaming/RenPy/backups\\Call It Fate':
Dump and make backups. took 0.04s
Cleaning cache took 0.00s
Making clean stores took 0.00s
Initial gc. took 0.01s
DPI scale factor: 1.000000
nvdrs: Loaded, about to disable thread optimizations.
nvdrs: b"Couldn't load nvlib." (can be ignored)
Creating interface object took 0.00s
Cleaning stores took 0.00s
Init translation took 0.02s
Build styles took 0.00s
Load screen analysis took 0.00s
Analyze screens took 0.01s
Save screen analysis took 0.01s
Prepare screens took 0.03s
Save pyanalysis. took 0.00s
Save bytecode. took 0.03s
Running _start took 0.00s
Performance test:
Interface start took 0.05s

Initializing gl2 renderer:
primary display bounds: (0, 0, 3440, 1440)
swap interval: 1 frames
Windowed mode.
Vendor: "b'ATI Technologies Inc.'"
Renderer: b'Radeon RX 580 Series'
Version: b'4.6.0 Compatibility Profile Context 22.20.27.07.221020'
Display Info: None
Screen sizes: virtual=(1920, 1080) physical=(1851, 1041) drawable=(1851, 1041)
Maximum texture size: 4096x4096
Resetting cache.
Bootstrap to the start of init.init took 189.68s
Early init took 0.00s
Loader init took 0.04s
Loading error handling took 0.02s
Loading script took 0.15s
Loading save slot metadata. took 0.04s
Loading persistent took 0.00s
Faled to initialize steam: FileNotFoundError("Could not find module 'C:\\Users\\Kim\\Desktop\\renpy-8.0.3-sdk\\lib\\py3-windows-x86_64\\steam_api64.dll' (or one of its dependencies). Try using the full path with constructor syntax.")
Running init code took 0.02s
Loading analysis data took 0.01s
Analyze and compile ATL took 0.00s
Index archives took 0.00s
Backing up script files to 'C:\\Users\\Kim\\AppData\\Roaming/RenPy/backups\\Call It Fate':
Dump and make backups. took 0.04s
Cleaning cache took 0.00s
Making clean stores took 0.00s
Initial gc. took 0.03s
DPI scale factor: 1.000000
nvdrs: Loaded, about to disable thread optimizations.
nvdrs: b"Couldn't load nvlib." (can be ignored)
Creating interface object took 0.00s
Cleaning stores took 0.00s
Init translation took 0.02s
Build styles took 0.00s
Load screen analysis took 0.00s
Analyze screens took 0.01s
Save screen analysis took 0.01s
Prepare screens took 0.03s
Save pyanalysis. took 0.00s
Save bytecode. took 0.02s
Running _start took 0.00s
Performance test:
Interface start took 0.03s

Initializing gl2 renderer:
primary display bounds: (0, 0, 3440, 1440)
swap interval: 1 frames
Windowed mode.
Vendor: "b'ATI Technologies Inc.'"
Renderer: b'Radeon RX 580 Series'
Version: b'4.6.0 Compatibility Profile Context 22.20.27.07.221020'
Display Info: None
Screen sizes: virtual=(1920, 1080) physical=(1851, 1041) drawable=(1851, 1041)
Maximum texture size: 4096x4096
Resetting cache.
Bootstrap to the start of init.init took 193.72s
Early init took 0.00s
Loader init took 0.03s
Loading error handling took 0.01s
Loading script took 0.12s
Loading save slot metadata. took 0.03s
Loading persistent took 0.00s
Faled to initialize steam: FileNotFoundError("Could not find module 'C:\\Users\\Kim\\Desktop\\renpy-8.0.3-sdk\\lib\\py3-windows-x86_64\\steam_api64.dll' (or one of its dependencies). Try using the full path with constructor syntax.")
Running init code took 0.02s
Loading analysis data took 0.01s
Analyze and compile ATL took 0.00s
Index archives took 0.00s
Dump and make backups. took 0.03s
Cleaning cache took 0.00s
Making clean stores took 0.00s
Initial gc. took 0.03s
DPI scale factor: 1.000000
nvdrs: Loaded, about to disable thread optimizations.
nvdrs: b"Couldn't load nvlib." (can be ignored)
Creating interface object took 0.00s
Cleaning stores took 0.00s
Init translation took 0.02s
Build styles took 0.00s
Load screen analysis took 0.01s
Analyze screens took 0.00s
Save screen analysis took 0.00s
Prepare screens took 0.03s
Save pyanalysis. took 0.00s
Save bytecode. took 0.00s
Running _start took 0.00s
Performance test:
Interface start took 0.03s

Initializing gl2 renderer:
primary display bounds: (0, 0, 3440, 1440)
swap interval: 1 frames
Windowed mode.
Vendor: "b'ATI Technologies Inc.'"
Renderer: b'Radeon RX 580 Series'
Version: b'4.6.0 Compatibility Profile Context 22.20.27.07.221020'
Display Info: None
Screen sizes: virtual=(1920, 1080) physical=(1851, 1041) drawable=(1851, 1041)
Maximum texture size: 4096x4096

Full traceback:
  File "game/school.rpy", line 199, in script
    if date_this_weekend:
  File "C:\Users\Kim\Desktop\renpy-8.0.3-sdk\renpy\ast.py", line 2115, in execute
    if renpy.python.py_eval(condition):
  File "C:\Users\Kim\Desktop\renpy-8.0.3-sdk\renpy\python.py", line 1092, in py_eval
    return py_eval_bytecode(code, globals, locals)
  File "C:\Users\Kim\Desktop\renpy-8.0.3-sdk\renpy\python.py", line 1085, in py_eval_bytecode
    return eval(bytecode, globals, locals)
  File "game/school.rpy", line 199, in <module>
    if date_this_weekend:
NameError: name 'date' is not defined

While running game code:
  File "game/school.rpy", line 199, in script
    if date_this_weekend:
  File "game/school.rpy", line 199, in <module>
    if date_this_weekend:
NameError: name 'date' is not defined
Traceback (most recent call last):
  File "C:\Users\Kim\Desktop\renpy-8.0.3-sdk\renpy\execution.py", line 581, in run
    node.execute()
  File "C:\Users\Kim\Desktop\renpy-8.0.3-sdk\renpy\ast.py", line 2115, in execute
    if renpy.python.py_eval(condition):
  File "C:\Users\Kim\Desktop\renpy-8.0.3-sdk\renpy\python.py", line 1092, in py_eval
    return py_eval_bytecode(code, globals, locals)
  File "C:\Users\Kim\Desktop\renpy-8.0.3-sdk\renpy\python.py", line 1085, in py_eval_bytecode
    return eval(bytecode, globals, locals)
  File "game/school.rpy", line 199, in <module>
    if date_this_weekend:
NameError: name 'date' is not defined

During handling of the above exception, another exception occurred:

Traceback (most recent call last):
  File "C:\Users\Kim\Desktop\renpy-8.0.3-sdk\renpy\editor.py", line 103, in open
    os.startfile(filename) # type: ignore
OSError: [WinError -2147221003] Application not found: 'C:\\Users\\Kim\\Desktop\\GIT Call It Fate Files\\Call It Resetting cache.
Bootstrap to the start of init.init took 239.28s
Early init took 0.00s
Loader init took 0.03s
Loading error handling took 0.01s
Loading script took 0.18s
Loading save slot metadata. took 0.06s
Loading persistent took 0.00s
Faled to initialize steam: FileNotFoundError("Could not find module 'C:\\Users\\Kim\\Desktop\\renpy-8.0.3-sdk\\lib\\py3-windows-x86_64\\steam_api64.dll' (or one of its dependencies). Try using the full path with constructor syntax.")
Running init code took 0.02s
Loading analysis data took 0.01s
Analyze and compile ATL took 0.00s
Index archives took 0.00s
Backing up script files to 'C:\\Users\\Kim\\AppData\\Roaming/RenPy/backups\\Call It Fate':
Dump and make backups. took 0.04s
Cleaning cache took 0.00s
Making clean stores took 0.00s
Initial gc. took 0.03s
DPI scale factor: 1.000000
nvdrs: Loaded, about to disable thread optimizations.
nvdrs: b"Couldn't load nvlib." (can be ignored)
Creating interface object took 0.00s
Cleaning stores took 0.00s
Init translation took 0.03s
Build styles took 0.00s
Load screen analysis took 0.00s
Analyze screens took 0.01s
Save screen analysis took 0.01s
Prepare screens took 0.03s
Save pyanalysis. took 0.00s
Save bytecode. took 0.02s
Running _start took 0.00s
Performance test:
Interface start took 0.03s

Initializing gl2 renderer:
primary display bounds: (0, 0, 3440, 1440)
swap interval: 1 frames
Windowed mode.
Vendor: "b'ATI Technologies Inc.'"
Renderer: b'Radeon RX 580 Series'
Version: b'4.6.0 Compatibility Profile Context 22.20.27.07.221020'
Display Info: None
Screen sizes: virtual=(1920, 1080) physical=(1851, 1041) drawable=(1851, 1041)
Maximum texture size: 4096x4096
Resetting cache.
Bootstrap to the start of init.init took 292.25s
Early init took 0.00s
Loader init took 0.03s
Loading error handling took 0.01s
Loading script took 0.15s
Loading save slot metadata. took 0.04s
Loading persistent took 0.00s
Faled to initialize steam: FileNotFoundError("Could not find module 'C:\\Users\\Kim\\Desktop\\renpy-8.0.3-sdk\\lib\\py3-windows-x86_64\\steam_api64.dll' (or one of its dependencies). Try using the full path with constructor syntax.")
Running init code took 0.02s
Loading analysis data took 0.01s
Analyze and compile ATL took 0.00s
Index archives took 0.00s
Backing up script files to 'C:\\Users\\Kim\\AppData\\Roaming/RenPy/backups\\Call It Fate':
Dump and make backups. took 0.04s
Cleaning cache took 0.00s
Making clean stores took 0.00s
Initial gc. took 0.03s
DPI scale factor: 1.000000
nvdrs: Loaded, about to disable thread optimizations.
nvdrs: b"Couldn't load nvlib." (can be ignored)
Creating interface object took 0.00s
Cleaning stores took 0.00s
Init translation took 0.03s
Build styles took 0.00s
Load screen analysis took 0.00s
Analyze screens took 0.01s
Save screen analysis took 0.01s
Prepare screens took 0.03s
Save pyanalysis. took 0.00s
Save bytecode. took 0.02s
Running _start took 0.00s
Performance test:
Interface start took 0.03s

Initializing gl2 renderer:
primary display bounds: (0, 0, 3440, 1440)
swap interval: 1 frames
Windowed mode.
Vendor: "b'ATI Technologies Inc.'"
Renderer: b'Radeon RX 580 Series'
Version: b'4.6.0 Compatibility Profile Context 22.20.27.07.221020'
Display Info: None
Screen sizes: virtual=(1920, 1080) physical=(1851, 1041) drawable=(1851, 1041)
Maximum texture size: 4096x4096
Resetting cache.
Bootstrap to the start of init.init took 298.54s
Early init took 0.00s
Loader init took 0.03s
Loading error handling took 0.01s
Loading script took 0.15s
Loading save slot metadata. took 0.04s
Loading persistent took 0.00s
Faled to initialize steam: FileNotFoundError("Could not find module 'C:\\Users\\Kim\\Desktop\\renpy-8.0.3-sdk\\lib\\py3-windows-x86_64\\steam_api64.dll' (or one of its dependencies). Try using the full path with constructor syntax.")
Running init code took 0.02s
Loading analysis data took 0.01s
Analyze and compile ATL took 0.00s
Index archives took 0.00s
Backing up script files to 'C:\\Users\\Kim\\AppData\\Roaming/RenPy/backups\\Call It Fate':
Dump and make backups. took 0.04s
Cleaning cache took 0.00s
Making clean stores took 0.00s
Initial gc. took 0.03s
DPI scale factor: 1.000000
nvdrs: Loaded, about to disable thread optimizations.
nvdrs: b"Couldn't load nvlib." (can be ignored)
Creating interface object took 0.00s
Cleaning stores took 0.00s
Init translation took 0.02s
Build styles took 0.00s
Load screen analysis took 0.00s
Analyze screens took 0.01s
Save screen analysis took 0.01s
Prepare screens took 0.03s
Save pyanalysis. took 0.00s
Save bytecode. took 0.01s
Running _start took 0.00s
Performance test:
Interface start took 0.03s

Initializing gl2 renderer:
primary display bounds: (0, 0, 3440, 1440)
swap interval: 1 frames
Windowed mode.
Vendor: "b'ATI Technologies Inc.'"
Renderer: b'Radeon RX 580 Series'
Version: b'4.6.0 Compatibility Profile Context 22.20.27.07.221020'
Display Info: None
Screen sizes: virtual=(1920, 1080) physical=(1851, 1041) drawable=(1851, 1041)
Maximum texture size: 4096x4096
Resetting cache.
Bootstrap to the start of init.init took 362.25s
Early init took 0.00s
Loader init took 0.04s
Loading error handling took 0.02s
Loading script took 0.15s
Loading save slot metadata. took 0.05s
Loading persistent took 0.00s
Faled to initialize steam: FileNotFoundError("Could not find module 'C:\\Users\\Kim\\Desktop\\renpy-8.0.3-sdk\\lib\\py3-windows-x86_64\\steam_api64.dll' (or one of its dependencies). Try using the full path with constructor syntax.")
Running init code took 0.02s
Loading analysis data took 0.01s
Analyze and compile ATL took 0.00s
Index archives took 0.00s
Backing up script files to 'C:\\Users\\Kim\\AppData\\Roaming/RenPy/backups\\Call It Fate':
Dump and make backups. took 0.04s
Cleaning cache took 0.00s
Making clean stores took 0.00s
Initial gc. took 0.04s
DPI scale factor: 1.000000
nvdrs: Loaded, about to disable thread optimizations.
nvdrs: b"Couldn't load nvlib." (can be ignored)
Creating interface object took 0.00s
Cleaning stores took 0.00s
Init translation took 0.03s
Build styles took 0.00s
Load screen analysis took 0.00s
Analyze screens took 0.01s
Save screen analysis took 0.01s
Prepare screens took 0.03s
Save pyanalysis. took 0.00s
Save bytecode. took 0.02s
Running _start took 0.00s
Performance test:
Interface start took 0.03s

Initializing gl2 renderer:
primary display bounds: (0, 0, 3440, 1440)
swap interval: 1 frames
Windowed mode.
Vendor: "b'ATI Technologies Inc.'"
Renderer: b'Radeon RX 580 Series'
Version: b'4.6.0 Compatibility Profile Context 22.20.27.07.221020'
Display Info: None
Screen sizes: virtual=(1920, 1080) physical=(1851, 1041) drawable=(1851, 1041)
Maximum texture size: 4096x4096
Resetting cache.
Bootstrap to the start of init.init took 388.18s
Early init took 0.00s
Loader init took 0.04s
Loading error handling took 0.02s
Loading script took 0.15s
Loading save slot metadata. took 0.03s
Loading persistent took 0.00s
Faled to initialize steam: FileNotFoundError("Could not find module 'C:\\Users\\Kim\\Desktop\\renpy-8.0.3-sdk\\lib\\py3-windows-x86_64\\steam_api64.dll' (or one of its dependencies). Try using the full path with constructor syntax.")
Running init code took 0.02s
Loading analysis data took 0.01s
Analyze and compile ATL took 0.00s
Index archives took 0.00s
Backing up script files to 'C:\\Users\\Kim\\AppData\\Roaming/RenPy/backups\\Call It Fate':
Dump and make backups. took 0.04s
Cleaning cache took 0.00s
Making clean stores took 0.00s
Initial gc. took 0.03s
DPI scale factor: 1.000000
nvdrs: Loaded, about to disable thread optimizations.
nvdrs: b"Couldn't load nvlib." (can be ignored)
Creating interface object took 0.00s
Cleaning stores took 0.00s
Init translation took 0.03s
Build styles took 0.00s
Load screen analysis took 0.00s
Analyze screens took 0.01s
Save screen analysis took 0.01s
Prepare screens took 0.03s
Save pyanalysis. took 0.00s
Save bytecode. took 0.02s
Running _start took 0.00s
Performance test:
Interface start took 0.03s

Initializing gl2 renderer:
primary display bounds: (0, 0, 3440, 1440)
swap interval: 1 frames
Windowed mode.
Vendor: "b'ATI Technologies Inc.'"
Renderer: b'Radeon RX 580 Series'
Version: b'4.6.0 Compatibility Profile Context 22.20.27.07.221020'
Display Info: None
Screen sizes: virtual=(1920, 1080) physical=(1851, 1041) drawable=(1851, 1041)
Maximum texture size: 4096x4096
Resetting cache.
Bootstrap to the start of init.init took 394.52s
Early init took 0.00s
Loader init took 0.03s
Loading error handling took 0.01s
Loading script took 0.12s
Loading save slot metadata. took 0.03s
Loading persistent took 0.00s
Faled to initialize steam: FileNotFoundError("Could not find module 'C:\\Users\\Kim\\Desktop\\renpy-8.0.3-sdk\\lib\\py3-windows-x86_64\\steam_api64.dll' (or one of its dependencies). Try using the full path with constructor syntax.")
Running init code took 0.02s
Loading analysis data took 0.01s
Analyze and compile ATL took 0.00s
Index archives took 0.00s
Dump and make backups. took 0.03s
Cleaning cache took 0.00s
Making clean stores took 0.00s
Initial gc. took 0.03s
DPI scale factor: 1.000000
nvdrs: Loaded, about to disable thread optimizations.
nvdrs: b"Couldn't load nvlib." (can be ignored)
Creating interface object took 0.00s
Cleaning stores took 0.00s
Init translation took 0.03s
Build styles took 0.00s
Load screen analysis took 0.01s
Analyze screens took 0.00s
Save screen analysis took 0.00s
Prepare screens took 0.03s
Save pyanalysis. took 0.00s
Save bytecode. took 0.00s
Running _start took 0.00s
Performance test:
Interface start took 0.04s

Initializing gl2 renderer:
primary display bounds: (0, 0, 3440, 1440)
swap interval: 1 frames
Windowed mode.
Vendor: "b'ATI Technologies Inc.'"
Renderer: b'Radeon RX 580 Series'
Version: b'4.6.0 Compatibility Profile Context 22.20.27.07.221020'
Display Info: None
Screen sizes: virtual=(1920, 1080) physical=(1851, 1041) drawable=(1851, 1041)
Maximum texture size: 4096x4096
Resetting cache.
Bootstrap to the start of init.init took 419.15s
Early init took 0.00s
Loader init took 0.03s
Loading error handling took 0.01s
Loading script took 0.43s
Loading save slot metadata. took 0.03s
Loading persistent took 0.00s
Faled to initialize steam: FileNotFoundError("Could not find module 'C:\\Users\\Kim\\Desktop\\renpy-8.0.3-sdk\\lib\\py3-windows-x86_64\\steam_api64.dll' (or one of its dependencies). Try using the full path with constructor syntax.")
Running init code took 0.03s
Loading analysis data took 0.01s
Analyze and compile ATL took 0.00s
Index archives took 0.00s
Backing up script files to 'C:\\Users\\Kim\\AppData\\Roaming/RenPy/backups\\Call It Fate':
Dump and make backups. took 0.04s
Cleaning cache took 0.00s
Making clean stores took 0.00s
Initial gc. took 0.03s
DPI scale factor: 1.000000
nvdrs: Loaded, about to disable thread optimizations.
nvdrs: b"Couldn't load nvlib." (can be ignored)
Creating interface object took 0.00s
Cleaning stores took 0.00s
Init translation took 0.03s
Build styles took 0.00s
Load screen analysis took 0.00s
Analyze screens took 0.01s
Save screen analysis took 0.01s
Prepare screens took 0.05s
Save pyanalysis. took 0.00s
Save bytecode. took 0.02s
Running _start took 0.00s
Performance test:
Interface start took 0.05s

Initializing gl2 renderer:
primary display bounds: (0, 0, 3440, 1440)
swap interval: 1 frames
Windowed mode.
Vendor: "b'ATI Technologies Inc.'"
Renderer: b'Radeon RX 580 Series'
Version: b'4.6.0 Compatibility Profile Context 22.20.27.07.221020'
Display Info: None
Screen sizes: virtual=(1920, 1080) physical=(1851, 1041) drawable=(1851, 1041)
Maximum texture size: 4096x4096
Resetting cache.
Bootstrap to the start of init.init took 476.66s
Early init took 0.00s
Loader init took 0.03s
Loading error handling took 0.02s
Loading script took 0.15s
Loading save slot metadata. took 0.05s
Loading persistent took 0.00s
Faled to initialize steam: FileNotFoundError("Could not find module 'C:\\Users\\Kim\\Desktop\\renpy-8.0.3-sdk\\lib\\py3-windows-x86_64\\steam_api64.dll' (or one of its dependencies). Try using the full path with constructor syntax.")
Running init code took 0.02s
Loading analysis data took 0.01s
Analyze and compile ATL took 0.00s
Index archives took 0.00s
Backing up script files to 'C:\\Users\\Kim\\AppData\\Roaming/RenPy/backups\\Call It Fate':
Dump and make backups. took 0.04s
Cleaning cache took 0.00s
Making clean stores took 0.00s
Initial gc. took 0.03s
DPI scale factor: 1.000000
nvdrs: Loaded, about to disable thread optimizations.
nvdrs: b"Couldn't load nvlib." (can be ignored)
Creating interface object took 0.00s
Cleaning stores took 0.00s
Init translation took 0.03s
Build styles took 0.00s
Load screen analysis took 0.00s
Analyze screens took 0.01s
Save screen analysis took 0.01s
Prepare screens took 0.03s
Save pyanalysis. took 0.00s
Save bytecode. took 0.02s
Running _start took 0.00s
Performance test:
Interface start took 0.03s

Initializing gl2 renderer:
primary display bounds: (0, 0, 3440, 1440)
swap interval: 1 frames
Windowed mode.
Vendor: "b'ATI Technologies Inc.'"
Renderer: b'Radeon RX 580 Series'
Version: b'4.6.0 Compatibility Profile Context 22.20.27.07.221020'
Display Info: None
Screen sizes: virtual=(1920, 1080) physical=(1851, 1041) drawable=(1851, 1041)
Maximum texture size: 4096x4096
Resetting cache.
Bootstrap to the start of init.init took 511.72s
Early init took 0.00s
Loader init took 0.03s
Loading error handling took 0.01s
Loading script took 0.18s
Loading save slot metadata. took 0.04s
Loading persistent took 0.00s
Faled to initialize steam: FileNotFoundError("Could not find module 'C:\\Users\\Kim\\Desktop\\renpy-8.0.3-sdk\\lib\\py3-windows-x86_64\\steam_api64.dll' (or one of its dependencies). Try using the full path with constructor syntax.")
Running init code took 0.02s
Loading analysis data took 0.01s
Analyze and compile ATL took 0.00s
Index archives took 0.00s
Backing up script files to 'C:\\Users\\Kim\\AppData\\Roaming/RenPy/backups\\Call It Fate':
Dump and make backups. took 0.04s
Cleaning cache took 0.00s
Making clean stores took 0.00s
Initial gc. took 0.03s
DPI scale factor: 1.000000
nvdrs: Loaded, about to disable thread optimizations.
nvdrs: b"Couldn't load nvlib." (can be ignored)
Creating interface object took 0.00s
Cleaning stores took 0.00s
Init translation took 0.02s
Build styles took 0.00s
Load screen analysis took 0.00s
Analyze screens took 0.01s
Save screen analysis took 0.01s
Prepare screens took 0.03s
Save pyanalysis. took 0.00s
Save bytecode. took 0.02s
Running _start took 0.00s
Performance test:
Interface start took 0.03s

Initializing gl2 renderer:
primary display bounds: (0, 0, 3440, 1440)
swap interval: 1 frames
Windowed mode.
Vendor: "b'ATI Technologies Inc.'"
Renderer: b'Radeon RX 580 Series'
Version: b'4.6.0 Compatibility Profile Context 22.20.27.07.221020'
Display Info: None
Screen sizes: virtual=(1920, 1080) physical=(1851, 1041) drawable=(1851, 1041)
Maximum texture size: 4096x4096
Cleaning stores took 0.00s
Init translation took 0.00s
Build styles took 0.00s
Load screen analysis took 0.02s
Analyze screens took 0.00s
Prepare screens took 0.00s
Running _start took 0.00s
